{"/Users/guilhermechagas/Programming/licita/backend/src/core/either.ts": {"path":"/Users/guilhermechagas/Programming/licita/backend/src/core/either.ts","all":false,"statementMap":{"1":{"start":{"line":2,"column":0},"end":{"line":2,"column":22}},"4":{"start":{"line":5,"column":0},"end":{"line":5,"column":25}},"5":{"start":{"line":6,"column":0},"end":{"line":6,"column":23}},"6":{"start":{"line":7,"column":0},"end":{"line":7,"column":3}},"8":{"start":{"line":9,"column":0},"end":{"line":9,"column":13}},"9":{"start":{"line":10,"column":0},"end":{"line":10,"column":16}},"10":{"start":{"line":11,"column":0},"end":{"line":11,"column":3}},"12":{"start":{"line":13,"column":0},"end":{"line":13,"column":12}},"13":{"start":{"line":14,"column":0},"end":{"line":14,"column":15}},"14":{"start":{"line":15,"column":0},"end":{"line":15,"column":3}},"15":{"start":{"line":16,"column":0},"end":{"line":16,"column":1}},"18":{"start":{"line":19,"column":0},"end":{"line":19,"column":23}},"21":{"start":{"line":22,"column":0},"end":{"line":22,"column":25}},"22":{"start":{"line":23,"column":0},"end":{"line":23,"column":23}},"23":{"start":{"line":24,"column":0},"end":{"line":24,"column":3}},"25":{"start":{"line":26,"column":0},"end":{"line":26,"column":13}},"26":{"start":{"line":27,"column":0},"end":{"line":27,"column":15}},"27":{"start":{"line":28,"column":0},"end":{"line":28,"column":3}},"29":{"start":{"line":30,"column":0},"end":{"line":30,"column":12}},"30":{"start":{"line":31,"column":0},"end":{"line":31,"column":16}},"31":{"start":{"line":32,"column":0},"end":{"line":32,"column":3}},"32":{"start":{"line":33,"column":0},"end":{"line":33,"column":2}},"36":{"start":{"line":37,"column":0},"end":{"line":37,"column":56}},"37":{"start":{"line":38,"column":0},"end":{"line":38,"column":25}},"38":{"start":{"line":39,"column":0},"end":{"line":39,"column":2}},"40":{"start":{"line":41,"column":0},"end":{"line":41,"column":57}},"41":{"start":{"line":42,"column":0},"end":{"line":42,"column":26}},"42":{"start":{"line":43,"column":0},"end":{"line":43,"column":2}}},"s":{"1":1,"4":1,"5":10,"6":10,"8":1,"9":0,"10":0,"12":1,"13":9,"14":9,"15":1,"18":1,"21":1,"22":21,"23":21,"25":1,"26":5,"27":5,"29":1,"30":0,"31":0,"32":1,"36":1,"37":10,"38":10,"40":1,"41":21,"42":21},"branchMap":{"0":{"type":"branch","line":5,"loc":{"start":{"line":5,"column":2},"end":{"line":7,"column":3}},"locations":[{"start":{"line":5,"column":2},"end":{"line":7,"column":3}}]},"1":{"type":"branch","line":13,"loc":{"start":{"line":13,"column":2},"end":{"line":15,"column":3}},"locations":[{"start":{"line":13,"column":2},"end":{"line":15,"column":3}}]},"2":{"type":"branch","line":22,"loc":{"start":{"line":22,"column":2},"end":{"line":24,"column":3}},"locations":[{"start":{"line":22,"column":2},"end":{"line":24,"column":3}}]},"3":{"type":"branch","line":26,"loc":{"start":{"line":26,"column":2},"end":{"line":28,"column":3}},"locations":[{"start":{"line":26,"column":2},"end":{"line":28,"column":3}}]},"4":{"type":"branch","line":37,"loc":{"start":{"line":37,"column":20},"end":{"line":39,"column":2}},"locations":[{"start":{"line":37,"column":20},"end":{"line":39,"column":2}}]},"5":{"type":"branch","line":41,"loc":{"start":{"line":41,"column":21},"end":{"line":43,"column":2}},"locations":[{"start":{"line":41,"column":21},"end":{"line":43,"column":2}}]}},"b":{"0":[10],"1":[9],"2":[21],"3":[5],"4":[10],"5":[21]},"fnMap":{"0":{"name":"Left","decl":{"start":{"line":5,"column":2},"end":{"line":7,"column":3}},"loc":{"start":{"line":5,"column":2},"end":{"line":7,"column":3}},"line":5},"1":{"name":"isRight","decl":{"start":{"line":9,"column":2},"end":{"line":11,"column":3}},"loc":{"start":{"line":9,"column":2},"end":{"line":11,"column":3}},"line":9},"2":{"name":"isLeft","decl":{"start":{"line":13,"column":2},"end":{"line":15,"column":3}},"loc":{"start":{"line":13,"column":2},"end":{"line":15,"column":3}},"line":13},"3":{"name":"Right","decl":{"start":{"line":22,"column":2},"end":{"line":24,"column":3}},"loc":{"start":{"line":22,"column":2},"end":{"line":24,"column":3}},"line":22},"4":{"name":"isRight","decl":{"start":{"line":26,"column":2},"end":{"line":28,"column":3}},"loc":{"start":{"line":26,"column":2},"end":{"line":28,"column":3}},"line":26},"5":{"name":"isLeft","decl":{"start":{"line":30,"column":2},"end":{"line":32,"column":3}},"loc":{"start":{"line":30,"column":2},"end":{"line":32,"column":3}},"line":30},"6":{"name":"left","decl":{"start":{"line":37,"column":20},"end":{"line":39,"column":2}},"loc":{"start":{"line":37,"column":20},"end":{"line":39,"column":2}},"line":37},"7":{"name":"right","decl":{"start":{"line":41,"column":21},"end":{"line":43,"column":2}},"loc":{"start":{"line":41,"column":21},"end":{"line":43,"column":2}},"line":41}},"f":{"0":10,"1":0,"2":9,"3":21,"4":5,"5":0,"6":10,"7":21}}
,"/Users/guilhermechagas/Programming/licita/backend/src/core/hasher.ts": {"path":"/Users/guilhermechagas/Programming/licita/backend/src/core/hasher.ts","all":true,"statementMap":{},"s":{},"branchMap":{"0":{"type":"branch","line":1,"loc":{"start":{"line":1,"column":91},"end":{"line":3,"column":1}},"locations":[{"start":{"line":1,"column":91},"end":{"line":3,"column":1}}]}},"b":{"0":[1]},"fnMap":{"0":{"name":"(empty-report)","decl":{"start":{"line":1,"column":91},"end":{"line":3,"column":1}},"loc":{"start":{"line":1,"column":91},"end":{"line":3,"column":1}},"line":1}},"f":{"0":1}}
,"/Users/guilhermechagas/Programming/licita/backend/src/core/entities/entity.ts": {"path":"/Users/guilhermechagas/Programming/licita/backend/src/core/entities/entity.ts","all":false,"statementMap":{"0":{"start":{"line":1,"column":0},"end":{"line":1,"column":51}},"2":{"start":{"line":3,"column":0},"end":{"line":3,"column":28}},"6":{"start":{"line":7,"column":0},"end":{"line":7,"column":14}},"7":{"start":{"line":8,"column":0},"end":{"line":8,"column":17}},"8":{"start":{"line":9,"column":0},"end":{"line":9,"column":16}},"9":{"start":{"line":10,"column":0},"end":{"line":10,"column":5}},"10":{"start":{"line":11,"column":0},"end":{"line":11,"column":22}},"11":{"start":{"line":12,"column":0},"end":{"line":12,"column":36}},"12":{"start":{"line":13,"column":0},"end":{"line":13,"column":3}},"13":{"start":{"line":14,"column":0},"end":{"line":14,"column":1}}},"s":{"0":1,"2":1,"6":1,"7":19,"8":19,"9":19,"10":19,"11":19,"12":19,"13":1},"branchMap":{"0":{"type":"branch","line":7,"loc":{"start":{"line":7,"column":2},"end":{"line":13,"column":3}},"locations":[{"start":{"line":7,"column":2},"end":{"line":13,"column":3}}]}},"b":{"0":[19]},"fnMap":{"0":{"name":"Entity","decl":{"start":{"line":7,"column":2},"end":{"line":13,"column":3}},"loc":{"start":{"line":7,"column":2},"end":{"line":13,"column":3}},"line":7}},"f":{"0":19}}
,"/Users/guilhermechagas/Programming/licita/backend/src/core/entities/unique-entity-id.ts": {"path":"/Users/guilhermechagas/Programming/licita/backend/src/core/entities/unique-entity-id.ts","all":false,"statementMap":{"0":{"start":{"line":1,"column":0},"end":{"line":1,"column":40}},"2":{"start":{"line":3,"column":0},"end":{"line":3,"column":29}},"5":{"start":{"line":6,"column":0},"end":{"line":6,"column":31}},"6":{"start":{"line":7,"column":0},"end":{"line":7,"column":38}},"7":{"start":{"line":8,"column":0},"end":{"line":8,"column":3}},"9":{"start":{"line":10,"column":0},"end":{"line":10,"column":14}},"10":{"start":{"line":11,"column":0},"end":{"line":11,"column":21}},"11":{"start":{"line":12,"column":0},"end":{"line":12,"column":3}},"13":{"start":{"line":14,"column":0},"end":{"line":14,"column":21}},"14":{"start":{"line":15,"column":0},"end":{"line":15,"column":21}},"15":{"start":{"line":16,"column":0},"end":{"line":16,"column":3}},"16":{"start":{"line":17,"column":0},"end":{"line":17,"column":1}}},"s":{"0":1,"2":1,"5":1,"6":19,"7":19,"9":1,"10":14,"11":14,"13":1,"14":10,"15":10,"16":1},"branchMap":{"0":{"type":"branch","line":6,"loc":{"start":{"line":6,"column":2},"end":{"line":8,"column":3}},"locations":[{"start":{"line":6,"column":2},"end":{"line":8,"column":3}}]},"1":{"type":"branch","line":7,"loc":{"start":{"line":7,"column":17},"end":{"line":7,"column":38}},"locations":[{"start":{"line":7,"column":17},"end":{"line":7,"column":38}}]},"2":{"type":"branch","line":10,"loc":{"start":{"line":10,"column":2},"end":{"line":12,"column":3}},"locations":[{"start":{"line":10,"column":2},"end":{"line":12,"column":3}}]},"3":{"type":"branch","line":14,"loc":{"start":{"line":14,"column":2},"end":{"line":16,"column":3}},"locations":[{"start":{"line":14,"column":2},"end":{"line":16,"column":3}}]}},"b":{"0":[19],"1":[5],"2":[14],"3":[10]},"fnMap":{"0":{"name":"UniqueEntityID","decl":{"start":{"line":6,"column":2},"end":{"line":8,"column":3}},"loc":{"start":{"line":6,"column":2},"end":{"line":8,"column":3}},"line":6},"1":{"name":"toString","decl":{"start":{"line":10,"column":2},"end":{"line":12,"column":3}},"loc":{"start":{"line":10,"column":2},"end":{"line":12,"column":3}},"line":10},"2":{"name":"toValue","decl":{"start":{"line":14,"column":2},"end":{"line":16,"column":3}},"loc":{"start":{"line":14,"column":2},"end":{"line":16,"column":3}},"line":14}},"f":{"0":19,"1":14,"2":10}}
,"/Users/guilhermechagas/Programming/licita/backend/src/domain/application/use-cases/create-bid-note.ts": {"path":"/Users/guilhermechagas/Programming/licita/backend/src/domain/application/use-cases/create-bid-note.ts","all":false,"statementMap":{"0":{"start":{"line":1,"column":0},"end":{"line":1,"column":63}},"1":{"start":{"line":2,"column":0},"end":{"line":2,"column":49}},"4":{"start":{"line":5,"column":0},"end":{"line":5,"column":56}},"15":{"start":{"line":16,"column":0},"end":{"line":16,"column":35}},"16":{"start":{"line":17,"column":0},"end":{"line":17,"column":14}},"17":{"start":{"line":18,"column":0},"end":{"line":18,"column":41}},"18":{"start":{"line":19,"column":0},"end":{"line":19,"column":48}},"19":{"start":{"line":20,"column":0},"end":{"line":20,"column":7}},"21":{"start":{"line":22,"column":0},"end":{"line":22,"column":17}},"22":{"start":{"line":23,"column":0},"end":{"line":23,"column":7}},"23":{"start":{"line":24,"column":0},"end":{"line":24,"column":10}},"24":{"start":{"line":25,"column":0},"end":{"line":25,"column":14}},"25":{"start":{"line":26,"column":0},"end":{"line":26,"column":11}},"26":{"start":{"line":27,"column":0},"end":{"line":27,"column":60}},"27":{"start":{"line":28,"column":0},"end":{"line":28,"column":77}},"29":{"start":{"line":30,"column":0},"end":{"line":30,"column":27}},"30":{"start":{"line":31,"column":0},"end":{"line":31,"column":38}},"31":{"start":{"line":32,"column":0},"end":{"line":32,"column":5}},"33":{"start":{"line":34,"column":0},"end":{"line":34,"column":65}},"34":{"start":{"line":35,"column":0},"end":{"line":35,"column":24}},"35":{"start":{"line":36,"column":0},"end":{"line":36,"column":38}},"36":{"start":{"line":37,"column":0},"end":{"line":37,"column":5}},"38":{"start":{"line":39,"column":0},"end":{"line":39,"column":44}},"39":{"start":{"line":40,"column":0},"end":{"line":40,"column":12}},"40":{"start":{"line":41,"column":0},"end":{"line":41,"column":14}},"41":{"start":{"line":42,"column":0},"end":{"line":42,"column":15}},"42":{"start":{"line":43,"column":0},"end":{"line":43,"column":10}},"44":{"start":{"line":45,"column":0},"end":{"line":45,"column":79}},"46":{"start":{"line":47,"column":0},"end":{"line":47,"column":32}},"47":{"start":{"line":48,"column":0},"end":{"line":48,"column":3}},"48":{"start":{"line":49,"column":0},"end":{"line":49,"column":1}}},"s":{"0":1,"1":1,"4":1,"15":1,"16":1,"17":3,"18":3,"19":3,"21":1,"22":3,"23":3,"24":3,"25":3,"26":3,"27":3,"29":3,"30":1,"31":1,"33":2,"34":3,"35":1,"36":1,"38":1,"39":1,"40":1,"41":1,"42":1,"44":1,"46":1,"47":3,"48":1},"branchMap":{"0":{"type":"branch","line":17,"loc":{"start":{"line":17,"column":2},"end":{"line":20,"column":7}},"locations":[{"start":{"line":17,"column":2},"end":{"line":20,"column":7}}]},"1":{"type":"branch","line":22,"loc":{"start":{"line":22,"column":2},"end":{"line":48,"column":3}},"locations":[{"start":{"line":22,"column":2},"end":{"line":48,"column":3}}]},"2":{"type":"branch","line":30,"loc":{"start":{"line":30,"column":26},"end":{"line":32,"column":5}},"locations":[{"start":{"line":30,"column":26},"end":{"line":32,"column":5}}]},"3":{"type":"branch","line":32,"loc":{"start":{"line":32,"column":4},"end":{"line":35,"column":23}},"locations":[{"start":{"line":32,"column":4},"end":{"line":35,"column":23}}]},"4":{"type":"branch","line":35,"loc":{"start":{"line":35,"column":23},"end":{"line":47,"column":32}},"locations":[{"start":{"line":35,"column":23},"end":{"line":47,"column":32}}]}},"b":{"0":[3],"1":[3],"2":[1],"3":[2],"4":[1]},"fnMap":{"0":{"name":"CreateBidNoteUseCase","decl":{"start":{"line":17,"column":2},"end":{"line":20,"column":7}},"loc":{"start":{"line":17,"column":2},"end":{"line":20,"column":7}},"line":17},"1":{"name":"execute","decl":{"start":{"line":22,"column":2},"end":{"line":48,"column":3}},"loc":{"start":{"line":22,"column":2},"end":{"line":48,"column":3}},"line":22}},"f":{"0":3,"1":3}}
,"/Users/guilhermechagas/Programming/licita/backend/src/domain/application/use-cases/create-bid.ts": {"path":"/Users/guilhermechagas/Programming/licita/backend/src/domain/application/use-cases/create-bid.ts","all":false,"statementMap":{"0":{"start":{"line":1,"column":0},"end":{"line":1,"column":63}},"1":{"start":{"line":2,"column":0},"end":{"line":2,"column":40}},"4":{"start":{"line":5,"column":0},"end":{"line":5,"column":64}},"5":{"start":{"line":6,"column":0},"end":{"line":6,"column":56}},"15":{"start":{"line":16,"column":0},"end":{"line":16,"column":31}},"16":{"start":{"line":17,"column":0},"end":{"line":17,"column":14}},"17":{"start":{"line":18,"column":0},"end":{"line":18,"column":49}},"18":{"start":{"line":19,"column":0},"end":{"line":19,"column":40}},"19":{"start":{"line":20,"column":0},"end":{"line":20,"column":7}},"21":{"start":{"line":22,"column":0},"end":{"line":22,"column":17}},"22":{"start":{"line":23,"column":0},"end":{"line":23,"column":7}},"23":{"start":{"line":24,"column":0},"end":{"line":24,"column":14}},"24":{"start":{"line":25,"column":0},"end":{"line":25,"column":10}},"25":{"start":{"line":26,"column":0},"end":{"line":26,"column":52}},"26":{"start":{"line":27,"column":0},"end":{"line":27,"column":77}},"28":{"start":{"line":29,"column":0},"end":{"line":29,"column":28}},"29":{"start":{"line":30,"column":0},"end":{"line":30,"column":38}},"30":{"start":{"line":31,"column":0},"end":{"line":31,"column":5}},"32":{"start":{"line":33,"column":0},"end":{"line":33,"column":92}},"33":{"start":{"line":34,"column":0},"end":{"line":34,"column":26}},"34":{"start":{"line":35,"column":0},"end":{"line":35,"column":42}},"35":{"start":{"line":36,"column":0},"end":{"line":36,"column":5}},"37":{"start":{"line":38,"column":0},"end":{"line":38,"column":36}},"38":{"start":{"line":39,"column":0},"end":{"line":39,"column":16}},"39":{"start":{"line":40,"column":0},"end":{"line":40,"column":12}},"40":{"start":{"line":41,"column":0},"end":{"line":41,"column":10}},"42":{"start":{"line":43,"column":0},"end":{"line":43,"column":67}},"44":{"start":{"line":45,"column":0},"end":{"line":45,"column":28}},"45":{"start":{"line":46,"column":0},"end":{"line":46,"column":3}},"46":{"start":{"line":47,"column":0},"end":{"line":47,"column":1}}},"s":{"0":1,"1":1,"4":1,"5":1,"15":1,"16":1,"17":9,"18":9,"19":9,"21":1,"22":9,"23":9,"24":9,"25":9,"26":9,"28":9,"29":2,"30":2,"32":7,"33":9,"34":1,"35":1,"37":6,"38":6,"39":6,"40":6,"42":6,"44":6,"45":9,"46":1},"branchMap":{"0":{"type":"branch","line":17,"loc":{"start":{"line":17,"column":2},"end":{"line":20,"column":7}},"locations":[{"start":{"line":17,"column":2},"end":{"line":20,"column":7}}]},"1":{"type":"branch","line":22,"loc":{"start":{"line":22,"column":2},"end":{"line":46,"column":3}},"locations":[{"start":{"line":22,"column":2},"end":{"line":46,"column":3}}]},"2":{"type":"branch","line":29,"loc":{"start":{"line":29,"column":27},"end":{"line":34,"column":25}},"locations":[{"start":{"line":29,"column":27},"end":{"line":34,"column":25}}]},"3":{"type":"branch","line":29,"loc":{"start":{"line":29,"column":27},"end":{"line":31,"column":5}},"locations":[{"start":{"line":29,"column":27},"end":{"line":31,"column":5}}]},"4":{"type":"branch","line":31,"loc":{"start":{"line":31,"column":4},"end":{"line":34,"column":25}},"locations":[{"start":{"line":31,"column":4},"end":{"line":34,"column":25}}]},"5":{"type":"branch","line":34,"loc":{"start":{"line":34,"column":25},"end":{"line":36,"column":5}},"locations":[{"start":{"line":34,"column":25},"end":{"line":36,"column":5}}]},"6":{"type":"branch","line":36,"loc":{"start":{"line":36,"column":4},"end":{"line":45,"column":28}},"locations":[{"start":{"line":36,"column":4},"end":{"line":45,"column":28}}]}},"b":{"0":[9],"1":[9],"2":[8],"3":[2],"4":[7],"5":[1],"6":[6]},"fnMap":{"0":{"name":"CreateBidUseCase","decl":{"start":{"line":17,"column":2},"end":{"line":20,"column":7}},"loc":{"start":{"line":17,"column":2},"end":{"line":20,"column":7}},"line":17},"1":{"name":"execute","decl":{"start":{"line":22,"column":2},"end":{"line":46,"column":3}},"loc":{"start":{"line":22,"column":2},"end":{"line":46,"column":3}},"line":22}},"f":{"0":9,"1":9}}
,"/Users/guilhermechagas/Programming/licita/backend/src/domain/application/use-cases/create-company.ts": {"path":"/Users/guilhermechagas/Programming/licita/backend/src/domain/application/use-cases/create-company.ts","all":false,"statementMap":{"0":{"start":{"line":1,"column":0},"end":{"line":1,"column":64}},"1":{"start":{"line":2,"column":0},"end":{"line":2,"column":63}},"3":{"start":{"line":4,"column":0},"end":{"line":4,"column":65}},"7":{"start":{"line":8,"column":0},"end":{"line":8,"column":35}},"8":{"start":{"line":9,"column":0},"end":{"line":9,"column":14}},"9":{"start":{"line":10,"column":0},"end":{"line":10,"column":48}},"10":{"start":{"line":11,"column":0},"end":{"line":11,"column":7}},"12":{"start":{"line":13,"column":0},"end":{"line":13,"column":17}},"13":{"start":{"line":14,"column":0},"end":{"line":14,"column":7}},"14":{"start":{"line":15,"column":0},"end":{"line":15,"column":9}},"15":{"start":{"line":16,"column":0},"end":{"line":16,"column":10}},"16":{"start":{"line":17,"column":0},"end":{"line":17,"column":8}},"17":{"start":{"line":18,"column":0},"end":{"line":18,"column":52}},"18":{"start":{"line":19,"column":0},"end":{"line":19,"column":80}},"19":{"start":{"line":20,"column":0},"end":{"line":20,"column":12}},"20":{"start":{"line":21,"column":0},"end":{"line":21,"column":10}},"21":{"start":{"line":22,"column":0},"end":{"line":22,"column":7}},"23":{"start":{"line":24,"column":0},"end":{"line":24,"column":30}},"24":{"start":{"line":25,"column":0},"end":{"line":25,"column":42}},"25":{"start":{"line":26,"column":0},"end":{"line":26,"column":6}},"27":{"start":{"line":28,"column":0},"end":{"line":28,"column":44}},"28":{"start":{"line":29,"column":0},"end":{"line":29,"column":11}},"29":{"start":{"line":30,"column":0},"end":{"line":30,"column":12}},"30":{"start":{"line":31,"column":0},"end":{"line":31,"column":11}},"31":{"start":{"line":32,"column":0},"end":{"line":32,"column":11}},"33":{"start":{"line":34,"column":0},"end":{"line":34,"column":80}},"35":{"start":{"line":36,"column":0},"end":{"line":36,"column":32}},"36":{"start":{"line":37,"column":0},"end":{"line":37,"column":4}},"37":{"start":{"line":38,"column":0},"end":{"line":38,"column":1}}},"s":{"0":1,"1":1,"3":1,"7":1,"8":1,"9":11,"10":11,"12":1,"13":12,"14":12,"15":12,"16":12,"17":12,"18":12,"19":12,"20":12,"21":12,"23":12,"24":2,"25":10,"27":10,"28":10,"29":10,"30":10,"31":10,"33":10,"35":10,"36":12,"37":1},"branchMap":{"0":{"type":"branch","line":9,"loc":{"start":{"line":9,"column":2},"end":{"line":11,"column":7}},"locations":[{"start":{"line":9,"column":2},"end":{"line":11,"column":7}}]},"1":{"type":"branch","line":13,"loc":{"start":{"line":13,"column":2},"end":{"line":37,"column":4}},"locations":[{"start":{"line":13,"column":2},"end":{"line":37,"column":4}}]},"2":{"type":"branch","line":24,"loc":{"start":{"line":24,"column":29},"end":{"line":36,"column":32}},"locations":[{"start":{"line":24,"column":29},"end":{"line":36,"column":32}}]},"3":{"type":"branch","line":24,"loc":{"start":{"line":24,"column":29},"end":{"line":26,"column":5}},"locations":[{"start":{"line":24,"column":29},"end":{"line":26,"column":5}}]}},"b":{"0":[11],"1":[12],"2":[10],"3":[2]},"fnMap":{"0":{"name":"CreateCompanyUseCase","decl":{"start":{"line":9,"column":2},"end":{"line":11,"column":7}},"loc":{"start":{"line":9,"column":2},"end":{"line":11,"column":7}},"line":9},"1":{"name":"execute","decl":{"start":{"line":13,"column":2},"end":{"line":37,"column":4}},"loc":{"start":{"line":13,"column":2},"end":{"line":37,"column":4}},"line":13}},"f":{"0":11,"1":12}}
,"/Users/guilhermechagas/Programming/licita/backend/src/domain/application/use-cases/create-user.ts": {"path":"/Users/guilhermechagas/Programming/licita/backend/src/domain/application/use-cases/create-user.ts","all":false,"statementMap":{"0":{"start":{"line":1,"column":0},"end":{"line":1,"column":64}},"2":{"start":{"line":3,"column":0},"end":{"line":3,"column":43}},"4":{"start":{"line":5,"column":0},"end":{"line":5,"column":65}},"15":{"start":{"line":16,"column":0},"end":{"line":16,"column":32}},"16":{"start":{"line":17,"column":0},"end":{"line":17,"column":14}},"17":{"start":{"line":18,"column":0},"end":{"line":18,"column":27}},"18":{"start":{"line":19,"column":0},"end":{"line":19,"column":42}},"19":{"start":{"line":20,"column":0},"end":{"line":20,"column":8}},"21":{"start":{"line":22,"column":0},"end":{"line":22,"column":17}},"22":{"start":{"line":23,"column":0},"end":{"line":23,"column":7}},"23":{"start":{"line":24,"column":0},"end":{"line":24,"column":9}},"24":{"start":{"line":25,"column":0},"end":{"line":25,"column":10}},"25":{"start":{"line":26,"column":0},"end":{"line":26,"column":12}},"26":{"start":{"line":27,"column":0},"end":{"line":27,"column":54}},"27":{"start":{"line":28,"column":0},"end":{"line":28,"column":74}},"29":{"start":{"line":30,"column":0},"end":{"line":30,"column":28}},"30":{"start":{"line":31,"column":0},"end":{"line":31,"column":42}},"31":{"start":{"line":32,"column":0},"end":{"line":32,"column":5}},"33":{"start":{"line":34,"column":0},"end":{"line":34,"column":61}},"35":{"start":{"line":36,"column":0},"end":{"line":36,"column":38}},"36":{"start":{"line":37,"column":0},"end":{"line":37,"column":11}},"37":{"start":{"line":38,"column":0},"end":{"line":38,"column":12}},"38":{"start":{"line":39,"column":0},"end":{"line":39,"column":18}},"39":{"start":{"line":40,"column":0},"end":{"line":40,"column":10}},"41":{"start":{"line":42,"column":0},"end":{"line":42,"column":70}},"43":{"start":{"line":44,"column":0},"end":{"line":44,"column":29}},"44":{"start":{"line":45,"column":0},"end":{"line":45,"column":4}},"45":{"start":{"line":46,"column":0},"end":{"line":46,"column":2}}},"s":{"0":1,"2":1,"4":1,"15":1,"16":1,"17":2,"18":2,"19":2,"21":1,"22":3,"23":3,"24":3,"25":3,"26":3,"27":3,"29":3,"30":1,"31":1,"33":2,"35":2,"36":2,"37":2,"38":2,"39":2,"41":2,"43":2,"44":3,"45":1},"branchMap":{"0":{"type":"branch","line":17,"loc":{"start":{"line":17,"column":2},"end":{"line":20,"column":8}},"locations":[{"start":{"line":17,"column":2},"end":{"line":20,"column":8}}]},"1":{"type":"branch","line":22,"loc":{"start":{"line":22,"column":2},"end":{"line":45,"column":4}},"locations":[{"start":{"line":22,"column":2},"end":{"line":45,"column":4}}]},"2":{"type":"branch","line":30,"loc":{"start":{"line":30,"column":27},"end":{"line":32,"column":5}},"locations":[{"start":{"line":30,"column":27},"end":{"line":32,"column":5}}]},"3":{"type":"branch","line":32,"loc":{"start":{"line":32,"column":4},"end":{"line":44,"column":29}},"locations":[{"start":{"line":32,"column":4},"end":{"line":44,"column":29}}]}},"b":{"0":[2],"1":[3],"2":[1],"3":[2]},"fnMap":{"0":{"name":"CreateUserUseCase","decl":{"start":{"line":17,"column":2},"end":{"line":20,"column":8}},"loc":{"start":{"line":17,"column":2},"end":{"line":20,"column":8}},"line":17},"1":{"name":"execute","decl":{"start":{"line":22,"column":2},"end":{"line":45,"column":4}},"loc":{"start":{"line":22,"column":2},"end":{"line":45,"column":4}},"line":22}},"f":{"0":2,"1":3}}
,"/Users/guilhermechagas/Programming/licita/backend/src/domain/application/use-cases/mark-bid-as-managed.ts": {"path":"/Users/guilhermechagas/Programming/licita/backend/src/domain/application/use-cases/mark-bid-as-managed.ts","all":false,"statementMap":{"0":{"start":{"line":1,"column":0},"end":{"line":1,"column":64}},"3":{"start":{"line":4,"column":0},"end":{"line":4,"column":86}},"4":{"start":{"line":5,"column":0},"end":{"line":5,"column":58}},"5":{"start":{"line":6,"column":0},"end":{"line":6,"column":57}},"14":{"start":{"line":15,"column":0},"end":{"line":15,"column":38}},"15":{"start":{"line":16,"column":0},"end":{"line":16,"column":14}},"16":{"start":{"line":17,"column":0},"end":{"line":17,"column":49}},"17":{"start":{"line":18,"column":0},"end":{"line":18,"column":40}},"18":{"start":{"line":19,"column":0},"end":{"line":19,"column":7}},"19":{"start":{"line":20,"column":0},"end":{"line":20,"column":17}},"20":{"start":{"line":21,"column":0},"end":{"line":21,"column":14}},"21":{"start":{"line":22,"column":0},"end":{"line":22,"column":9}},"22":{"start":{"line":23,"column":0},"end":{"line":23,"column":66}},"23":{"start":{"line":24,"column":0},"end":{"line":24,"column":56}},"25":{"start":{"line":26,"column":0},"end":{"line":26,"column":15}},"26":{"start":{"line":27,"column":0},"end":{"line":27,"column":38}},"27":{"start":{"line":28,"column":0},"end":{"line":28,"column":5}},"29":{"start":{"line":30,"column":0},"end":{"line":30,"column":77}},"31":{"start":{"line":32,"column":0},"end":{"line":32,"column":28}},"32":{"start":{"line":33,"column":0},"end":{"line":33,"column":38}},"33":{"start":{"line":34,"column":0},"end":{"line":34,"column":5}},"35":{"start":{"line":36,"column":0},"end":{"line":36,"column":43}},"36":{"start":{"line":37,"column":0},"end":{"line":37,"column":39}},"37":{"start":{"line":38,"column":0},"end":{"line":38,"column":5}},"39":{"start":{"line":40,"column":0},"end":{"line":40,"column":68}},"41":{"start":{"line":42,"column":0},"end":{"line":42,"column":20}},"42":{"start":{"line":43,"column":0},"end":{"line":43,"column":52}},"43":{"start":{"line":44,"column":0},"end":{"line":44,"column":5}},"45":{"start":{"line":46,"column":0},"end":{"line":46,"column":49}},"47":{"start":{"line":48,"column":0},"end":{"line":48,"column":22}},"48":{"start":{"line":49,"column":0},"end":{"line":49,"column":3}},"49":{"start":{"line":50,"column":0},"end":{"line":50,"column":1}}},"s":{"0":1,"3":1,"4":1,"5":1,"14":1,"15":1,"16":3,"17":3,"18":3,"19":1,"20":4,"21":4,"22":4,"23":4,"25":4,"26":0,"27":0,"29":4,"31":4,"32":0,"33":0,"35":4,"36":1,"37":1,"39":3,"41":4,"42":1,"43":1,"45":2,"47":2,"48":4,"49":1},"branchMap":{"0":{"type":"branch","line":16,"loc":{"start":{"line":16,"column":2},"end":{"line":19,"column":7}},"locations":[{"start":{"line":16,"column":2},"end":{"line":19,"column":7}}]},"1":{"type":"branch","line":20,"loc":{"start":{"line":20,"column":2},"end":{"line":49,"column":3}},"locations":[{"start":{"line":20,"column":2},"end":{"line":49,"column":3}}]},"2":{"type":"branch","line":26,"loc":{"start":{"line":26,"column":14},"end":{"line":28,"column":5}},"locations":[{"start":{"line":26,"column":14},"end":{"line":28,"column":5}}]},"3":{"type":"branch","line":32,"loc":{"start":{"line":32,"column":27},"end":{"line":34,"column":5}},"locations":[{"start":{"line":32,"column":27},"end":{"line":34,"column":5}}]},"4":{"type":"branch","line":36,"loc":{"start":{"line":36,"column":42},"end":{"line":38,"column":5}},"locations":[{"start":{"line":36,"column":42},"end":{"line":38,"column":5}}]},"5":{"type":"branch","line":38,"loc":{"start":{"line":38,"column":4},"end":{"line":42,"column":19}},"locations":[{"start":{"line":38,"column":4},"end":{"line":42,"column":19}}]},"6":{"type":"branch","line":42,"loc":{"start":{"line":42,"column":19},"end":{"line":44,"column":5}},"locations":[{"start":{"line":42,"column":19},"end":{"line":44,"column":5}}]},"7":{"type":"branch","line":44,"loc":{"start":{"line":44,"column":4},"end":{"line":48,"column":22}},"locations":[{"start":{"line":44,"column":4},"end":{"line":48,"column":22}}]}},"b":{"0":[3],"1":[4],"2":[0],"3":[0],"4":[1],"5":[3],"6":[1],"7":[2]},"fnMap":{"0":{"name":"MarkBidAsManagedUseCase","decl":{"start":{"line":16,"column":2},"end":{"line":19,"column":7}},"loc":{"start":{"line":16,"column":2},"end":{"line":19,"column":7}},"line":16},"1":{"name":"execute","decl":{"start":{"line":20,"column":2},"end":{"line":49,"column":3}},"loc":{"start":{"line":20,"column":2},"end":{"line":49,"column":3}},"line":20}},"f":{"0":3,"1":4}}
,"/Users/guilhermechagas/Programming/licita/backend/src/domain/application/use-cases/errors/action-already-performed-error.ts": {"path":"/Users/guilhermechagas/Programming/licita/backend/src/domain/application/use-cases/errors/action-already-performed-error.ts","all":false,"statementMap":{"0":{"start":{"line":1,"column":0},"end":{"line":1,"column":56}},"1":{"start":{"line":2,"column":0},"end":{"line":2,"column":17}},"2":{"start":{"line":3,"column":0},"end":{"line":3,"column":37}},"3":{"start":{"line":4,"column":0},"end":{"line":4,"column":3}},"4":{"start":{"line":5,"column":0},"end":{"line":5,"column":1}}},"s":{"0":1,"1":1,"2":1,"3":1,"4":1},"branchMap":{"0":{"type":"branch","line":2,"loc":{"start":{"line":2,"column":2},"end":{"line":4,"column":3}},"locations":[{"start":{"line":2,"column":2},"end":{"line":4,"column":3}}]}},"b":{"0":[1]},"fnMap":{"0":{"name":"ActionAlreadyPerformedError","decl":{"start":{"line":2,"column":2},"end":{"line":4,"column":3}},"loc":{"start":{"line":2,"column":2},"end":{"line":4,"column":3}},"line":2}},"f":{"0":1}}
,"/Users/guilhermechagas/Programming/licita/backend/src/domain/application/use-cases/errors/already-exist-error.ts": {"path":"/Users/guilhermechagas/Programming/licita/backend/src/domain/application/use-cases/errors/already-exist-error.ts","all":false,"statementMap":{"0":{"start":{"line":1,"column":0},"end":{"line":1,"column":46}},"1":{"start":{"line":2,"column":0},"end":{"line":2,"column":17}},"2":{"start":{"line":3,"column":0},"end":{"line":3,"column":28}},"3":{"start":{"line":4,"column":0},"end":{"line":4,"column":3}},"4":{"start":{"line":5,"column":0},"end":{"line":5,"column":1}}},"s":{"0":1,"1":1,"2":4,"3":4,"4":1},"branchMap":{"0":{"type":"branch","line":2,"loc":{"start":{"line":2,"column":2},"end":{"line":4,"column":3}},"locations":[{"start":{"line":2,"column":2},"end":{"line":4,"column":3}}]}},"b":{"0":[4]},"fnMap":{"0":{"name":"AlreadyExistError","decl":{"start":{"line":2,"column":2},"end":{"line":4,"column":3}},"loc":{"start":{"line":2,"column":2},"end":{"line":4,"column":3}},"line":2}},"f":{"0":4}}
,"/Users/guilhermechagas/Programming/licita/backend/src/domain/application/use-cases/errors/forbidden-error.ts": {"path":"/Users/guilhermechagas/Programming/licita/backend/src/domain/application/use-cases/errors/forbidden-error.ts","all":false,"statementMap":{"0":{"start":{"line":1,"column":0},"end":{"line":1,"column":43}},"1":{"start":{"line":2,"column":0},"end":{"line":2,"column":17}},"2":{"start":{"line":3,"column":0},"end":{"line":3,"column":29}},"3":{"start":{"line":4,"column":0},"end":{"line":4,"column":3}},"4":{"start":{"line":5,"column":0},"end":{"line":5,"column":1}}},"s":{"0":1,"1":1,"2":1,"3":1,"4":1},"branchMap":{"0":{"type":"branch","line":2,"loc":{"start":{"line":2,"column":2},"end":{"line":4,"column":3}},"locations":[{"start":{"line":2,"column":2},"end":{"line":4,"column":3}}]}},"b":{"0":[1]},"fnMap":{"0":{"name":"ForbiddenError","decl":{"start":{"line":2,"column":2},"end":{"line":4,"column":3}},"loc":{"start":{"line":2,"column":2},"end":{"line":4,"column":3}},"line":2}},"f":{"0":1}}
,"/Users/guilhermechagas/Programming/licita/backend/src/domain/application/use-cases/errors/not-found-error.ts": {"path":"/Users/guilhermechagas/Programming/licita/backend/src/domain/application/use-cases/errors/not-found-error.ts","all":false,"statementMap":{"0":{"start":{"line":1,"column":0},"end":{"line":1,"column":42}},"1":{"start":{"line":2,"column":0},"end":{"line":2,"column":17}},"2":{"start":{"line":3,"column":0},"end":{"line":3,"column":23}},"3":{"start":{"line":4,"column":0},"end":{"line":4,"column":3}},"4":{"start":{"line":5,"column":0},"end":{"line":5,"column":1}}},"s":{"0":1,"1":1,"2":4,"3":4,"4":1},"branchMap":{"0":{"type":"branch","line":2,"loc":{"start":{"line":2,"column":2},"end":{"line":4,"column":3}},"locations":[{"start":{"line":2,"column":2},"end":{"line":4,"column":3}}]}},"b":{"0":[4]},"fnMap":{"0":{"name":"NotFoundError","decl":{"start":{"line":2,"column":2},"end":{"line":4,"column":3}},"loc":{"start":{"line":2,"column":2},"end":{"line":4,"column":3}},"line":2}},"f":{"0":4}}
,"/Users/guilhermechagas/Programming/licita/backend/src/domain/entities/bid-note.ts": {"path":"/Users/guilhermechagas/Programming/licita/backend/src/domain/entities/bid-note.ts","all":false,"statementMap":{"0":{"start":{"line":1,"column":0},"end":{"line":1,"column":52}},"9":{"start":{"line":10,"column":0},"end":{"line":10,"column":51}},"10":{"start":{"line":11,"column":0},"end":{"line":11,"column":51}},"11":{"start":{"line":12,"column":0},"end":{"line":12,"column":33}},"12":{"start":{"line":13,"column":0},"end":{"line":13,"column":3}},"13":{"start":{"line":14,"column":0},"end":{"line":14,"column":1}}},"s":{"0":1,"9":1,"10":1,"11":1,"12":1,"13":1},"branchMap":{"0":{"type":"branch","line":11,"loc":{"start":{"line":11,"column":9},"end":{"line":13,"column":3}},"locations":[{"start":{"line":11,"column":9},"end":{"line":13,"column":3}}]}},"b":{"0":[1]},"fnMap":{"0":{"name":"create","decl":{"start":{"line":11,"column":9},"end":{"line":13,"column":3}},"loc":{"start":{"line":11,"column":9},"end":{"line":13,"column":3}},"line":11}},"f":{"0":1}}
,"/Users/guilhermechagas/Programming/licita/backend/src/domain/entities/bid.ts": {"path":"/Users/guilhermechagas/Programming/licita/backend/src/domain/entities/bid.ts","all":false,"statementMap":{"0":{"start":{"line":1,"column":0},"end":{"line":1,"column":52}},"9":{"start":{"line":10,"column":0},"end":{"line":10,"column":43}},"10":{"start":{"line":11,"column":0},"end":{"line":11,"column":19}},"11":{"start":{"line":12,"column":0},"end":{"line":12,"column":32}},"12":{"start":{"line":13,"column":0},"end":{"line":13,"column":3}},"14":{"start":{"line":15,"column":0},"end":{"line":15,"column":47}},"15":{"start":{"line":16,"column":0},"end":{"line":16,"column":20}},"16":{"start":{"line":17,"column":0},"end":{"line":17,"column":51}},"17":{"start":{"line":18,"column":0},"end":{"line":18,"column":10}},"18":{"start":{"line":19,"column":0},"end":{"line":19,"column":3}},"19":{"start":{"line":20,"column":0},"end":{"line":20,"column":1}}},"s":{"0":1,"9":1,"10":1,"11":2,"12":2,"14":1,"15":6,"16":6,"17":6,"18":6,"19":1},"branchMap":{"0":{"type":"branch","line":11,"loc":{"start":{"line":11,"column":2},"end":{"line":13,"column":3}},"locations":[{"start":{"line":11,"column":2},"end":{"line":13,"column":3}}]},"1":{"type":"branch","line":15,"loc":{"start":{"line":15,"column":9},"end":{"line":19,"column":3}},"locations":[{"start":{"line":15,"column":9},"end":{"line":19,"column":3}}]}},"b":{"0":[2],"1":[6]},"fnMap":{"0":{"name":"markAsManaged","decl":{"start":{"line":11,"column":2},"end":{"line":13,"column":3}},"loc":{"start":{"line":11,"column":2},"end":{"line":13,"column":3}},"line":11},"1":{"name":"create","decl":{"start":{"line":15,"column":9},"end":{"line":19,"column":3}},"loc":{"start":{"line":15,"column":9},"end":{"line":19,"column":3}},"line":15}},"f":{"0":2,"1":6}}
,"/Users/guilhermechagas/Programming/licita/backend/src/domain/entities/company.ts": {"path":"/Users/guilhermechagas/Programming/licita/backend/src/domain/entities/company.ts","all":false,"statementMap":{"0":{"start":{"line":1,"column":0},"end":{"line":1,"column":52}},"9":{"start":{"line":10,"column":0},"end":{"line":10,"column":51}},"10":{"start":{"line":11,"column":0},"end":{"line":11,"column":52}},"11":{"start":{"line":12,"column":0},"end":{"line":12,"column":34}},"12":{"start":{"line":13,"column":0},"end":{"line":13,"column":4}},"13":{"start":{"line":14,"column":0},"end":{"line":14,"column":1}}},"s":{"0":1,"9":1,"10":1,"11":10,"12":10,"13":1},"branchMap":{"0":{"type":"branch","line":11,"loc":{"start":{"line":11,"column":9},"end":{"line":13,"column":4}},"locations":[{"start":{"line":11,"column":9},"end":{"line":13,"column":4}}]}},"b":{"0":[10]},"fnMap":{"0":{"name":"create","decl":{"start":{"line":11,"column":9},"end":{"line":13,"column":4}},"loc":{"start":{"line":11,"column":9},"end":{"line":13,"column":4}},"line":11}},"f":{"0":10}}
,"/Users/guilhermechagas/Programming/licita/backend/src/domain/entities/user.ts": {"path":"/Users/guilhermechagas/Programming/licita/backend/src/domain/entities/user.ts","all":false,"statementMap":{"0":{"start":{"line":1,"column":0},"end":{"line":1,"column":52}},"9":{"start":{"line":10,"column":0},"end":{"line":10,"column":45}},"10":{"start":{"line":11,"column":0},"end":{"line":11,"column":49}},"11":{"start":{"line":12,"column":0},"end":{"line":12,"column":30}},"12":{"start":{"line":13,"column":0},"end":{"line":13,"column":4}},"13":{"start":{"line":14,"column":0},"end":{"line":14,"column":1}}},"s":{"0":1,"9":1,"10":1,"11":2,"12":2,"13":1},"branchMap":{"0":{"type":"branch","line":11,"loc":{"start":{"line":11,"column":9},"end":{"line":13,"column":4}},"locations":[{"start":{"line":11,"column":9},"end":{"line":13,"column":4}}]}},"b":{"0":[2]},"fnMap":{"0":{"name":"create","decl":{"start":{"line":11,"column":9},"end":{"line":13,"column":4}},"loc":{"start":{"line":11,"column":9},"end":{"line":13,"column":4}},"line":11}},"f":{"0":2}}
,"/Users/guilhermechagas/Programming/licita/backend/src/test/core/hasher.ts": {"path":"/Users/guilhermechagas/Programming/licita/backend/src/test/core/hasher.ts","all":false,"statementMap":{"2":{"start":{"line":3,"column":0},"end":{"line":3,"column":43}},"3":{"start":{"line":4,"column":0},"end":{"line":4,"column":60}},"4":{"start":{"line":5,"column":0},"end":{"line":5,"column":36}},"5":{"start":{"line":6,"column":0},"end":{"line":6,"column":3}},"6":{"start":{"line":7,"column":0},"end":{"line":7,"column":1}}},"s":{"2":1,"3":1,"4":2,"5":2,"6":1},"branchMap":{"0":{"type":"branch","line":4,"loc":{"start":{"line":4,"column":2},"end":{"line":6,"column":3}},"locations":[{"start":{"line":4,"column":2},"end":{"line":6,"column":3}}]}},"b":{"0":[2]},"fnMap":{"0":{"name":"hash","decl":{"start":{"line":4,"column":2},"end":{"line":6,"column":3}},"loc":{"start":{"line":4,"column":2},"end":{"line":6,"column":3}},"line":4}},"f":{"0":2}}
,"/Users/guilhermechagas/Programming/licita/backend/src/test/domain/application/factories/make-create-bid-note.ts": {"path":"/Users/guilhermechagas/Programming/licita/backend/src/test/domain/application/factories/make-create-bid-note.ts","all":false,"statementMap":{"3":{"start":{"line":4,"column":0},"end":{"line":4,"column":96}},"4":{"start":{"line":5,"column":0},"end":{"line":5,"column":81}},"5":{"start":{"line":6,"column":0},"end":{"line":6,"column":89}},"12":{"start":{"line":13,"column":0},"end":{"line":13,"column":83}},"13":{"start":{"line":14,"column":0},"end":{"line":14,"column":69}},"14":{"start":{"line":15,"column":0},"end":{"line":15,"column":78}},"16":{"start":{"line":17,"column":0},"end":{"line":17,"column":74}},"17":{"start":{"line":18,"column":0},"end":{"line":18,"column":87}},"19":{"start":{"line":20,"column":0},"end":{"line":20,"column":72}},"21":{"start":{"line":22,"column":0},"end":{"line":22,"column":12}},"22":{"start":{"line":23,"column":0},"end":{"line":23,"column":1}}},"s":{"3":1,"4":1,"5":1,"12":1,"13":3,"14":3,"16":3,"17":3,"19":3,"21":3,"22":3},"branchMap":{"0":{"type":"branch","line":13,"loc":{"start":{"line":13,"column":7},"end":{"line":23,"column":1}},"locations":[{"start":{"line":13,"column":7},"end":{"line":23,"column":1}}]},"1":{"type":"branch","line":17,"loc":{"start":{"line":17,"column":24},"end":{"line":17,"column":74}},"locations":[{"start":{"line":17,"column":24},"end":{"line":17,"column":74}}]},"2":{"type":"branch","line":18,"loc":{"start":{"line":18,"column":28},"end":{"line":18,"column":87}},"locations":[{"start":{"line":18,"column":28},"end":{"line":18,"column":87}}]}},"b":{"0":[3],"1":[0],"2":[0]},"fnMap":{"0":{"name":"MakeCreateBidNoteUseCase","decl":{"start":{"line":13,"column":7},"end":{"line":23,"column":1}},"loc":{"start":{"line":13,"column":7},"end":{"line":23,"column":1}},"line":13}},"f":{"0":3}}
,"/Users/guilhermechagas/Programming/licita/backend/src/test/domain/application/factories/make-create-bid.ts": {"path":"/Users/guilhermechagas/Programming/licita/backend/src/test/domain/application/factories/make-create-bid.ts","all":false,"statementMap":{"3":{"start":{"line":4,"column":0},"end":{"line":4,"column":86}},"4":{"start":{"line":5,"column":0},"end":{"line":5,"column":80}},"5":{"start":{"line":6,"column":0},"end":{"line":6,"column":88}},"12":{"start":{"line":13,"column":0},"end":{"line":13,"column":79}},"13":{"start":{"line":14,"column":0},"end":{"line":14,"column":77}},"14":{"start":{"line":15,"column":0},"end":{"line":15,"column":69}},"16":{"start":{"line":17,"column":0},"end":{"line":17,"column":86}},"17":{"start":{"line":18,"column":0},"end":{"line":18,"column":74}},"19":{"start":{"line":20,"column":0},"end":{"line":20,"column":68}},"21":{"start":{"line":22,"column":0},"end":{"line":22,"column":12}},"22":{"start":{"line":23,"column":0},"end":{"line":23,"column":1}}},"s":{"3":1,"4":1,"5":1,"12":1,"13":9,"14":9,"16":9,"17":9,"19":9,"21":9,"22":9},"branchMap":{"0":{"type":"branch","line":13,"loc":{"start":{"line":13,"column":7},"end":{"line":23,"column":1}},"locations":[{"start":{"line":13,"column":7},"end":{"line":23,"column":1}}]},"1":{"type":"branch","line":17,"loc":{"start":{"line":17,"column":28},"end":{"line":17,"column":86}},"locations":[{"start":{"line":17,"column":28},"end":{"line":17,"column":86}}]},"2":{"type":"branch","line":18,"loc":{"start":{"line":18,"column":24},"end":{"line":18,"column":74}},"locations":[{"start":{"line":18,"column":24},"end":{"line":18,"column":74}}]}},"b":{"0":[9],"1":[0],"2":[3]},"fnMap":{"0":{"name":"makeCreateBidUseCase","decl":{"start":{"line":13,"column":7},"end":{"line":23,"column":1}},"loc":{"start":{"line":13,"column":7},"end":{"line":23,"column":1}},"line":13}},"f":{"0":9}}
,"/Users/guilhermechagas/Programming/licita/backend/src/test/domain/application/factories/make-create-company.ts": {"path":"/Users/guilhermechagas/Programming/licita/backend/src/test/domain/application/factories/make-create-company.ts","all":false,"statementMap":{"2":{"start":{"line":3,"column":0},"end":{"line":3,"column":94}},"3":{"start":{"line":4,"column":0},"end":{"line":4,"column":88}},"9":{"start":{"line":10,"column":0},"end":{"line":10,"column":83}},"10":{"start":{"line":11,"column":0},"end":{"line":11,"column":77}},"12":{"start":{"line":13,"column":0},"end":{"line":13,"column":86}},"14":{"start":{"line":15,"column":0},"end":{"line":15,"column":57}},"16":{"start":{"line":17,"column":0},"end":{"line":17,"column":12}},"17":{"start":{"line":18,"column":0},"end":{"line":18,"column":1}}},"s":{"2":1,"3":1,"9":1,"10":11,"12":11,"14":11,"16":11,"17":11},"branchMap":{"0":{"type":"branch","line":10,"loc":{"start":{"line":10,"column":7},"end":{"line":18,"column":1}},"locations":[{"start":{"line":10,"column":7},"end":{"line":18,"column":1}}]},"1":{"type":"branch","line":11,"loc":{"start":{"line":11,"column":34},"end":{"line":11,"column":77}},"locations":[{"start":{"line":11,"column":34},"end":{"line":11,"column":77}}]},"2":{"type":"branch","line":13,"loc":{"start":{"line":13,"column":28},"end":{"line":13,"column":86}},"locations":[{"start":{"line":13,"column":28},"end":{"line":13,"column":86}}]}},"b":{"0":[11],"1":[9],"2":[2]},"fnMap":{"0":{"name":"makeCreateCompanyUseCase","decl":{"start":{"line":10,"column":7},"end":{"line":18,"column":1}},"loc":{"start":{"line":10,"column":7},"end":{"line":18,"column":1}},"line":10}},"f":{"0":11}}
,"/Users/guilhermechagas/Programming/licita/backend/src/test/domain/application/factories/make-create-user.ts": {"path":"/Users/guilhermechagas/Programming/licita/backend/src/test/domain/application/factories/make-create-user.ts","all":false,"statementMap":{"1":{"start":{"line":2,"column":0},"end":{"line":2,"column":88}},"2":{"start":{"line":3,"column":0},"end":{"line":3,"column":49}},"3":{"start":{"line":4,"column":0},"end":{"line":4,"column":82}},"9":{"start":{"line":10,"column":0},"end":{"line":10,"column":80}},"10":{"start":{"line":11,"column":0},"end":{"line":11,"column":71}},"12":{"start":{"line":13,"column":0},"end":{"line":13,"column":77}},"13":{"start":{"line":14,"column":0},"end":{"line":14,"column":33}},"15":{"start":{"line":16,"column":0},"end":{"line":16,"column":59}},"17":{"start":{"line":18,"column":0},"end":{"line":18,"column":12}},"18":{"start":{"line":19,"column":0},"end":{"line":19,"column":1}}},"s":{"1":1,"2":1,"3":1,"9":1,"10":2,"12":2,"13":2,"15":2,"17":2,"18":2},"branchMap":{"0":{"type":"branch","line":10,"loc":{"start":{"line":10,"column":7},"end":{"line":19,"column":1}},"locations":[{"start":{"line":10,"column":7},"end":{"line":19,"column":1}}]},"1":{"type":"branch","line":11,"loc":{"start":{"line":11,"column":31},"end":{"line":11,"column":71}},"locations":[{"start":{"line":11,"column":31},"end":{"line":11,"column":71}}]}},"b":{"0":[2],"1":[0]},"fnMap":{"0":{"name":"makeCreateUserUseCase","decl":{"start":{"line":10,"column":7},"end":{"line":19,"column":1}},"loc":{"start":{"line":10,"column":7},"end":{"line":19,"column":1}},"line":10}},"f":{"0":2}}
,"/Users/guilhermechagas/Programming/licita/backend/src/test/domain/application/factories/make-mark-bid-as-managed.ts": {"path":"/Users/guilhermechagas/Programming/licita/backend/src/test/domain/application/factories/make-mark-bid-as-managed.ts","all":false,"statementMap":{"2":{"start":{"line":3,"column":0},"end":{"line":3,"column":102}},"3":{"start":{"line":4,"column":0},"end":{"line":4,"column":80}},"4":{"start":{"line":5,"column":0},"end":{"line":5,"column":88}},"11":{"start":{"line":12,"column":0},"end":{"line":12,"column":79}},"12":{"start":{"line":13,"column":0},"end":{"line":13,"column":77}},"13":{"start":{"line":14,"column":0},"end":{"line":14,"column":69}},"15":{"start":{"line":16,"column":0},"end":{"line":16,"column":86}},"16":{"start":{"line":17,"column":0},"end":{"line":17,"column":74}},"18":{"start":{"line":19,"column":0},"end":{"line":19,"column":75}},"20":{"start":{"line":21,"column":0},"end":{"line":21,"column":12}},"21":{"start":{"line":22,"column":0},"end":{"line":22,"column":1}}},"s":{"2":1,"3":1,"4":1,"11":1,"12":3,"13":3,"15":3,"16":3,"18":3,"20":3,"21":3},"branchMap":{"0":{"type":"branch","line":12,"loc":{"start":{"line":12,"column":7},"end":{"line":22,"column":1}},"locations":[{"start":{"line":12,"column":7},"end":{"line":22,"column":1}}]},"1":{"type":"branch","line":16,"loc":{"start":{"line":16,"column":28},"end":{"line":16,"column":86}},"locations":[{"start":{"line":16,"column":28},"end":{"line":16,"column":86}}]},"2":{"type":"branch","line":17,"loc":{"start":{"line":17,"column":24},"end":{"line":17,"column":74}},"locations":[{"start":{"line":17,"column":24},"end":{"line":17,"column":74}}]}},"b":{"0":[3],"1":[0],"2":[0]},"fnMap":{"0":{"name":"makeMarkBidAsManaged","decl":{"start":{"line":12,"column":7},"end":{"line":22,"column":1}},"loc":{"start":{"line":12,"column":7},"end":{"line":22,"column":1}},"line":12}},"f":{"0":3}}
,"/Users/guilhermechagas/Programming/licita/backend/src/test/domain/application/repositories/in-memory-bid-repository.ts": {"path":"/Users/guilhermechagas/Programming/licita/backend/src/test/domain/application/repositories/in-memory-bid-repository.ts","all":false,"statementMap":{"5":{"start":{"line":6,"column":0},"end":{"line":6,"column":61}},"6":{"start":{"line":7,"column":0},"end":{"line":7,"column":26}},"7":{"start":{"line":8,"column":0},"end":{"line":8,"column":34}},"10":{"start":{"line":11,"column":0},"end":{"line":11,"column":40}},"11":{"start":{"line":12,"column":0},"end":{"line":12,"column":23}},"13":{"start":{"line":14,"column":0},"end":{"line":14,"column":14}},"14":{"start":{"line":15,"column":0},"end":{"line":15,"column":4}},"16":{"start":{"line":17,"column":0},"end":{"line":17,"column":86}},"17":{"start":{"line":18,"column":0},"end":{"line":18,"column":103}},"19":{"start":{"line":20,"column":0},"end":{"line":20,"column":15}},"20":{"start":{"line":21,"column":0},"end":{"line":21,"column":17}},"21":{"start":{"line":22,"column":0},"end":{"line":22,"column":5}},"23":{"start":{"line":24,"column":0},"end":{"line":24,"column":14}},"24":{"start":{"line":25,"column":0},"end":{"line":25,"column":4}},"26":{"start":{"line":27,"column":0},"end":{"line":27,"column":54}},"27":{"start":{"line":28,"column":0},"end":{"line":28,"column":67}},"29":{"start":{"line":30,"column":0},"end":{"line":30,"column":22}},"30":{"start":{"line":31,"column":0},"end":{"line":31,"column":3}},"32":{"start":{"line":33,"column":0},"end":{"line":33,"column":53}},"33":{"start":{"line":34,"column":0},"end":{"line":34,"column":66}},"35":{"start":{"line":36,"column":0},"end":{"line":36,"column":14}},"36":{"start":{"line":37,"column":0},"end":{"line":37,"column":25}},"37":{"start":{"line":38,"column":0},"end":{"line":38,"column":5}},"38":{"start":{"line":39,"column":0},"end":{"line":39,"column":4}},"40":{"start":{"line":41,"column":0},"end":{"line":41,"column":57}},"41":{"start":{"line":42,"column":0},"end":{"line":42,"column":26}},"42":{"start":{"line":43,"column":0},"end":{"line":43,"column":73}},"43":{"start":{"line":44,"column":0},"end":{"line":44,"column":6}},"44":{"start":{"line":45,"column":0},"end":{"line":45,"column":3}},"46":{"start":{"line":47,"column":0},"end":{"line":47,"column":56}},"47":{"start":{"line":48,"column":0},"end":{"line":48,"column":31}},"48":{"start":{"line":49,"column":0},"end":{"line":49,"column":18}},"49":{"start":{"line":50,"column":0},"end":{"line":50,"column":4}},"50":{"start":{"line":51,"column":0},"end":{"line":51,"column":1}}},"s":{"5":1,"6":9,"7":9,"10":1,"11":6,"13":6,"14":6,"16":1,"17":7,"19":7,"20":6,"21":6,"23":1,"24":7,"26":1,"27":6,"29":6,"30":6,"32":1,"33":2,"35":2,"36":2,"37":2,"38":2,"40":1,"41":3,"42":3,"43":3,"44":3,"46":1,"47":1,"48":1,"49":1,"50":1},"branchMap":{"0":{"type":"branch","line":6,"loc":{"start":{"line":6,"column":7},"end":{"line":8,"column":34}},"locations":[{"start":{"line":6,"column":7},"end":{"line":8,"column":34}}]},"1":{"type":"branch","line":11,"loc":{"start":{"line":11,"column":2},"end":{"line":15,"column":4}},"locations":[{"start":{"line":11,"column":2},"end":{"line":15,"column":4}}]},"2":{"type":"branch","line":17,"loc":{"start":{"line":17,"column":2},"end":{"line":25,"column":4}},"locations":[{"start":{"line":17,"column":2},"end":{"line":25,"column":4}}]},"3":{"type":"branch","line":20,"loc":{"start":{"line":20,"column":14},"end":{"line":22,"column":5}},"locations":[{"start":{"line":20,"column":14},"end":{"line":22,"column":5}}]},"4":{"type":"branch","line":22,"loc":{"start":{"line":22,"column":4},"end":{"line":24,"column":14}},"locations":[{"start":{"line":22,"column":4},"end":{"line":24,"column":14}}]},"5":{"type":"branch","line":18,"loc":{"start":{"line":18,"column":31},"end":{"line":18,"column":102}},"locations":[{"start":{"line":18,"column":31},"end":{"line":18,"column":102}}]},"6":{"type":"branch","line":27,"loc":{"start":{"line":27,"column":2},"end":{"line":31,"column":3}},"locations":[{"start":{"line":27,"column":2},"end":{"line":31,"column":3}}]},"7":{"type":"branch","line":30,"loc":{"start":{"line":30,"column":11},"end":{"line":30,"column":22}},"locations":[{"start":{"line":30,"column":11},"end":{"line":30,"column":22}}]},"8":{"type":"branch","line":28,"loc":{"start":{"line":28,"column":31},"end":{"line":28,"column":66}},"locations":[{"start":{"line":28,"column":31},"end":{"line":28,"column":66}}]},"9":{"type":"branch","line":33,"loc":{"start":{"line":33,"column":2},"end":{"line":39,"column":4}},"locations":[{"start":{"line":33,"column":2},"end":{"line":39,"column":4}}]},"10":{"type":"branch","line":34,"loc":{"start":{"line":34,"column":31},"end":{"line":34,"column":65}},"locations":[{"start":{"line":34,"column":31},"end":{"line":34,"column":65}}]},"11":{"type":"branch","line":41,"loc":{"start":{"line":41,"column":2},"end":{"line":45,"column":3}},"locations":[{"start":{"line":41,"column":2},"end":{"line":45,"column":3}}]},"12":{"type":"branch","line":43,"loc":{"start":{"line":43,"column":6},"end":{"line":43,"column":73}},"locations":[{"start":{"line":43,"column":6},"end":{"line":43,"column":73}}]},"13":{"type":"branch","line":47,"loc":{"start":{"line":47,"column":2},"end":{"line":50,"column":4}},"locations":[{"start":{"line":47,"column":2},"end":{"line":50,"column":4}}]}},"b":{"0":[9],"1":[6],"2":[7],"3":[6],"4":[1],"5":[1],"6":[6],"7":[1],"8":[5],"9":[2],"10":[2],"11":[3],"12":[3],"13":[1]},"fnMap":{"0":{"name":"InMemoryBidRepository","decl":{"start":{"line":6,"column":7},"end":{"line":8,"column":34}},"loc":{"start":{"line":6,"column":7},"end":{"line":8,"column":34}},"line":6},"1":{"name":"create","decl":{"start":{"line":11,"column":2},"end":{"line":15,"column":4}},"loc":{"start":{"line":11,"column":2},"end":{"line":15,"column":4}},"line":11},"2":{"name":"findByPncpAndCompany","decl":{"start":{"line":17,"column":2},"end":{"line":25,"column":4}},"loc":{"start":{"line":17,"column":2},"end":{"line":25,"column":4}},"line":17},"3":{"name":"findById","decl":{"start":{"line":27,"column":2},"end":{"line":31,"column":3}},"loc":{"start":{"line":27,"column":2},"end":{"line":31,"column":3}},"line":27},"4":{"name":"markAsManaged","decl":{"start":{"line":33,"column":2},"end":{"line":39,"column":4}},"loc":{"start":{"line":33,"column":2},"end":{"line":39,"column":4}},"line":33},"5":{"name":"checkIfManaged","decl":{"start":{"line":41,"column":2},"end":{"line":45,"column":3}},"loc":{"start":{"line":41,"column":2},"end":{"line":45,"column":3}},"line":41},"6":{"name":"createNote","decl":{"start":{"line":47,"column":2},"end":{"line":50,"column":4}},"loc":{"start":{"line":47,"column":2},"end":{"line":50,"column":4}},"line":47}},"f":{"0":9,"1":6,"2":7,"3":6,"4":2,"5":3,"6":1}}
,"/Users/guilhermechagas/Programming/licita/backend/src/test/domain/application/repositories/in-memory-company-repository.ts": {"path":"/Users/guilhermechagas/Programming/licita/backend/src/test/domain/application/repositories/in-memory-company-repository.ts","all":false,"statementMap":{"4":{"start":{"line":5,"column":0},"end":{"line":5,"column":69}},"5":{"start":{"line":6,"column":0},"end":{"line":6,"column":35}},"7":{"start":{"line":8,"column":0},"end":{"line":8,"column":62}},"8":{"start":{"line":9,"column":0},"end":{"line":9,"column":89}},"10":{"start":{"line":11,"column":0},"end":{"line":11,"column":19}},"11":{"start":{"line":12,"column":0},"end":{"line":12,"column":17}},"12":{"start":{"line":13,"column":0},"end":{"line":13,"column":5}},"14":{"start":{"line":15,"column":0},"end":{"line":15,"column":18}},"15":{"start":{"line":16,"column":0},"end":{"line":16,"column":3}},"17":{"start":{"line":18,"column":0},"end":{"line":18,"column":52}},"18":{"start":{"line":19,"column":0},"end":{"line":19,"column":32}},"19":{"start":{"line":20,"column":0},"end":{"line":20,"column":18}},"20":{"start":{"line":21,"column":0},"end":{"line":21,"column":3}},"22":{"start":{"line":23,"column":0},"end":{"line":23,"column":85}},"23":{"start":{"line":24,"column":0},"end":{"line":24,"column":126}},"25":{"start":{"line":26,"column":0},"end":{"line":26,"column":19}},"26":{"start":{"line":27,"column":0},"end":{"line":27,"column":17}},"27":{"start":{"line":28,"column":0},"end":{"line":28,"column":5}},"29":{"start":{"line":30,"column":0},"end":{"line":30,"column":18}},"30":{"start":{"line":31,"column":0},"end":{"line":31,"column":3}},"31":{"start":{"line":32,"column":0},"end":{"line":32,"column":1}}},"s":{"4":1,"5":11,"7":1,"8":16,"10":16,"11":3,"12":3,"14":13,"15":16,"17":1,"18":10,"19":10,"20":10,"22":1,"23":12,"25":12,"26":10,"27":10,"29":2,"30":12,"31":1},"branchMap":{"0":{"type":"branch","line":5,"loc":{"start":{"line":5,"column":7},"end":{"line":6,"column":35}},"locations":[{"start":{"line":5,"column":7},"end":{"line":6,"column":35}}]},"1":{"type":"branch","line":8,"loc":{"start":{"line":8,"column":2},"end":{"line":16,"column":3}},"locations":[{"start":{"line":8,"column":2},"end":{"line":16,"column":3}}]},"2":{"type":"branch","line":11,"loc":{"start":{"line":11,"column":18},"end":{"line":13,"column":5}},"locations":[{"start":{"line":11,"column":18},"end":{"line":13,"column":5}}]},"3":{"type":"branch","line":13,"loc":{"start":{"line":13,"column":4},"end":{"line":15,"column":18}},"locations":[{"start":{"line":13,"column":4},"end":{"line":15,"column":18}}]},"4":{"type":"branch","line":9,"loc":{"start":{"line":9,"column":40},"end":{"line":9,"column":88}},"locations":[{"start":{"line":9,"column":40},"end":{"line":9,"column":88}}]},"5":{"type":"branch","line":18,"loc":{"start":{"line":18,"column":2},"end":{"line":21,"column":3}},"locations":[{"start":{"line":18,"column":2},"end":{"line":21,"column":3}}]},"6":{"type":"branch","line":23,"loc":{"start":{"line":23,"column":2},"end":{"line":31,"column":3}},"locations":[{"start":{"line":23,"column":2},"end":{"line":31,"column":3}}]},"7":{"type":"branch","line":26,"loc":{"start":{"line":26,"column":18},"end":{"line":30,"column":18}},"locations":[{"start":{"line":26,"column":18},"end":{"line":30,"column":18}}]},"8":{"type":"branch","line":28,"loc":{"start":{"line":28,"column":4},"end":{"line":30,"column":18}},"locations":[{"start":{"line":28,"column":4},"end":{"line":30,"column":18}}]},"9":{"type":"branch","line":24,"loc":{"start":{"line":24,"column":40},"end":{"line":24,"column":125}},"locations":[{"start":{"line":24,"column":40},"end":{"line":24,"column":125}}]},"10":{"type":"branch","line":24,"loc":{"start":{"line":24,"column":83},"end":{"line":24,"column":125}},"locations":[{"start":{"line":24,"column":83},"end":{"line":24,"column":125}}]}},"b":{"0":[11],"1":[16],"2":[3],"3":[13],"4":[14],"5":[10],"6":[12],"7":[10],"8":[2],"9":[3],"10":[2]},"fnMap":{"0":{"name":"InMemoryCompanyRepository","decl":{"start":{"line":5,"column":7},"end":{"line":6,"column":35}},"loc":{"start":{"line":5,"column":7},"end":{"line":6,"column":35}},"line":5},"1":{"name":"findById","decl":{"start":{"line":8,"column":2},"end":{"line":16,"column":3}},"loc":{"start":{"line":8,"column":2},"end":{"line":16,"column":3}},"line":8},"2":{"name":"create","decl":{"start":{"line":18,"column":2},"end":{"line":21,"column":3}},"loc":{"start":{"line":18,"column":2},"end":{"line":21,"column":3}},"line":18},"3":{"name":"findByEmailOrCnpj","decl":{"start":{"line":23,"column":2},"end":{"line":31,"column":3}},"loc":{"start":{"line":23,"column":2},"end":{"line":31,"column":3}},"line":23}},"f":{"0":11,"1":16,"2":10,"3":12}}
,"/Users/guilhermechagas/Programming/licita/backend/src/test/domain/application/repositories/in-memory-user-repository.ts": {"path":"/Users/guilhermechagas/Programming/licita/backend/src/test/domain/application/repositories/in-memory-user-repository.ts","all":false,"statementMap":{"3":{"start":{"line":4,"column":0},"end":{"line":4,"column":63}},"4":{"start":{"line":5,"column":0},"end":{"line":5,"column":27}},"6":{"start":{"line":7,"column":0},"end":{"line":7,"column":43}},"7":{"start":{"line":8,"column":0},"end":{"line":8,"column":25}},"8":{"start":{"line":9,"column":0},"end":{"line":9,"column":15}},"9":{"start":{"line":10,"column":0},"end":{"line":10,"column":3}},"11":{"start":{"line":12,"column":0},"end":{"line":12,"column":58}},"12":{"start":{"line":13,"column":0},"end":{"line":13,"column":33}},"13":{"start":{"line":14,"column":0},"end":{"line":14,"column":42}},"14":{"start":{"line":15,"column":0},"end":{"line":15,"column":5}},"16":{"start":{"line":17,"column":0},"end":{"line":17,"column":16}},"17":{"start":{"line":18,"column":0},"end":{"line":18,"column":17}},"18":{"start":{"line":19,"column":0},"end":{"line":19,"column":5}},"20":{"start":{"line":21,"column":0},"end":{"line":21,"column":15}},"21":{"start":{"line":22,"column":0},"end":{"line":22,"column":3}},"22":{"start":{"line":23,"column":0},"end":{"line":23,"column":1}}},"s":{"3":1,"4":2,"6":1,"7":2,"8":2,"9":2,"11":1,"12":3,"13":3,"14":3,"16":3,"17":2,"18":2,"20":1,"21":3,"22":1},"branchMap":{"0":{"type":"branch","line":4,"loc":{"start":{"line":4,"column":7},"end":{"line":5,"column":27}},"locations":[{"start":{"line":4,"column":7},"end":{"line":5,"column":27}}]},"1":{"type":"branch","line":7,"loc":{"start":{"line":7,"column":2},"end":{"line":10,"column":3}},"locations":[{"start":{"line":7,"column":2},"end":{"line":10,"column":3}}]},"2":{"type":"branch","line":12,"loc":{"start":{"line":12,"column":2},"end":{"line":22,"column":3}},"locations":[{"start":{"line":12,"column":2},"end":{"line":22,"column":3}}]},"3":{"type":"branch","line":17,"loc":{"start":{"line":17,"column":15},"end":{"line":19,"column":5}},"locations":[{"start":{"line":17,"column":15},"end":{"line":19,"column":5}}]},"4":{"type":"branch","line":19,"loc":{"start":{"line":19,"column":4},"end":{"line":21,"column":15}},"locations":[{"start":{"line":19,"column":4},"end":{"line":21,"column":15}}]},"5":{"type":"branch","line":14,"loc":{"start":{"line":14,"column":6},"end":{"line":14,"column":42}},"locations":[{"start":{"line":14,"column":6},"end":{"line":14,"column":42}}]}},"b":{"0":[2],"1":[2],"2":[3],"3":[2],"4":[1],"5":[1]},"fnMap":{"0":{"name":"InMemoryUserRepository","decl":{"start":{"line":4,"column":7},"end":{"line":5,"column":27}},"loc":{"start":{"line":4,"column":7},"end":{"line":5,"column":27}},"line":4},"1":{"name":"create","decl":{"start":{"line":7,"column":2},"end":{"line":10,"column":3}},"loc":{"start":{"line":7,"column":2},"end":{"line":10,"column":3}},"line":7},"2":{"name":"findByEmail","decl":{"start":{"line":12,"column":2},"end":{"line":22,"column":3}},"loc":{"start":{"line":12,"column":2},"end":{"line":22,"column":3}},"line":12}},"f":{"0":2,"1":2,"2":3}}
}
